<?xml version="1.0" encoding="UTF-8"?>
<robot generator="Robot 5.0.1 (Python 3.10.5 on win32)" generated="20220716 21:00:51.072" rpa="false" schemaversion="3">
<suite id="s1" name="Suites" source="D:\DOJOBOX\mobiletest\suites">
<suite id="s1-s1" name="Book" source="D:\DOJOBOX\mobiletest\suites\book.robot">
<kw name="Open Flight Application" library="Base" type="SETUP">
<kw name="Open Application" library="AppiumLibrary">
<arg>${REMOTE_URL}</arg>
<arg>automationName=UiAutomator2</arg>
<arg>platformName=Android</arg>
<arg>platformVersion=8.1</arg>
<arg>deviceName=emulator-5554</arg>
<arg>appPackage=com.example.myapplication</arg>
<arg>appActivity=com.example.myapplication.MainActivity</arg>
<doc>Opens a new application to given Appium server.
Capabilities of appium server, Android and iOS,
Please check https://github.com/appium/appium/blob/master/docs/en/writing-running-appium/server-args.md
| *Option*            | *Man.* | *Description*     |
| remote_url          | Yes    | Appium server url |
| alias               | no     | alias             |</doc>
<status status="PASS" starttime="20220716 21:00:51.451" endtime="20220716 21:01:07.253"/>
</kw>
<status status="PASS" starttime="20220716 21:00:51.451" endtime="20220716 21:01:07.253"/>
</kw>
<test id="s1-s1-t1" name="User Shoul be able to complete book" line="9">
<kw name="verify homepage appears" library="homePage">
<kw name="Element Should Be Visible" library="AppiumLibrary">
<arg>${toolbar}</arg>
<doc>Verifies that element identified with locator is visible.</doc>
<status status="PASS" starttime="20220716 21:01:07.257" endtime="20220716 21:01:07.612"/>
</kw>
<kw name="Element Should Be Visible" library="AppiumLibrary">
<arg>${logo_homepage}</arg>
<doc>Verifies that element identified with locator is visible.</doc>
<status status="PASS" starttime="20220716 21:01:07.612" endtime="20220716 21:01:07.713"/>
</kw>
<kw name="Element Should Be Visible" library="AppiumLibrary">
<arg>${mainimage_homepage}</arg>
<doc>Verifies that element identified with locator is visible.</doc>
<status status="PASS" starttime="20220716 21:01:07.713" endtime="20220716 21:01:07.799"/>
</kw>
<kw name="Element Should Be Visible" library="AppiumLibrary">
<arg>${body_title}</arg>
<doc>Verifies that element identified with locator is visible.</doc>
<status status="PASS" starttime="20220716 21:01:07.799" endtime="20220716 21:01:07.874"/>
</kw>
<status status="PASS" starttime="20220716 21:01:07.256" endtime="20220716 21:01:07.874"/>
</kw>
<kw name="Tap Sign in button homepage" library="homePage">
<kw name="Click Element" library="AppiumLibrary">
<arg>${button_login}</arg>
<doc>Click element identified by `locator`.</doc>
<msg timestamp="20220716 21:01:07.876" level="INFO">Clicking element 'com.example.myapplication:id/login'.</msg>
<status status="PASS" starttime="20220716 21:01:07.874" endtime="20220716 21:01:08.037"/>
</kw>
<status status="PASS" starttime="20220716 21:01:07.874" endtime="20220716 21:01:08.037"/>
</kw>
<kw name="Verify Login page" library="Login">
<kw name="Wait Until Element Is Visible" library="AppiumLibrary">
<arg>${userName_input}</arg>
<doc>Waits until element specified with `locator` is visible.</doc>
<status status="PASS" starttime="20220716 21:01:08.038" endtime="20220716 21:01:10.338"/>
</kw>
<kw name="Element Should Be Visible" library="AppiumLibrary">
<arg>${userName_input}</arg>
<doc>Verifies that element identified with locator is visible.</doc>
<status status="PASS" starttime="20220716 21:01:10.338" endtime="20220716 21:01:10.400"/>
</kw>
<kw name="Element Should Be Visible" library="AppiumLibrary">
<arg>${signButton_login}</arg>
<doc>Verifies that element identified with locator is visible.</doc>
<status status="PASS" starttime="20220716 21:01:10.400" endtime="20220716 21:01:10.455"/>
</kw>
<status status="PASS" starttime="20220716 21:01:08.038" endtime="20220716 21:01:10.455"/>
</kw>
<kw name="Input Username" library="Login">
<arg>username=support@ngendigital.com</arg>
<kw name="Input Text" library="AppiumLibrary">
<arg>${userName_input}</arg>
<arg>${username}</arg>
<doc>Types the given `text` into text field identified by `locator`.</doc>
<msg timestamp="20220716 21:01:10.458" level="INFO">Typing text 'support@ngendigital.com' into text field 'com.example.myapplication:id/username'</msg>
<status status="PASS" starttime="20220716 21:01:10.456" endtime="20220716 21:01:10.593"/>
</kw>
<status status="PASS" starttime="20220716 21:01:10.456" endtime="20220716 21:01:10.594"/>
</kw>
<kw name="Input Password" library="Login">
<arg>pass=abc123</arg>
<kw name="Input Text" library="AppiumLibrary">
<arg>${Password_input}</arg>
<arg>${pass}</arg>
<doc>Types the given `text` into text field identified by `locator`.</doc>
<msg timestamp="20220716 21:01:10.599" level="INFO">Typing text 'abc123' into text field 'com.example.myapplication:id/password'</msg>
<status status="PASS" starttime="20220716 21:01:10.597" endtime="20220716 21:01:11.166"/>
</kw>
<status status="PASS" starttime="20220716 21:01:10.596" endtime="20220716 21:01:11.166"/>
</kw>
<kw name="Tap Sign in Button login page" library="Login">
<kw name="Click Element" library="AppiumLibrary">
<arg>${signButton_login}</arg>
<doc>Click element identified by `locator`.</doc>
<msg timestamp="20220716 21:01:11.170" level="INFO">Clicking element 'com.example.myapplication:id/signIn'.</msg>
<status status="PASS" starttime="20220716 21:01:11.167" endtime="20220716 21:01:11.706"/>
</kw>
<status status="PASS" starttime="20220716 21:01:11.167" endtime="20220716 21:01:11.707"/>
</kw>
<kw name="Verify User in homepage" library="Login">
<kw name="Wait Until Element Is Visible" library="AppiumLibrary">
<arg>${user_success}</arg>
<doc>Waits until element specified with `locator` is visible.</doc>
<status status="PASS" starttime="20220716 21:01:11.711" endtime="20220716 21:01:13.090"/>
</kw>
<status status="PASS" starttime="20220716 21:01:11.710" endtime="20220716 21:01:13.090"/>
</kw>
<kw name="User Tap link Booking" library="book">
<kw name="Click Element" library="AppiumLibrary">
<arg>${TapBook_page}</arg>
<doc>Click element identified by `locator`.</doc>
<msg timestamp="20220716 21:01:13.093" level="INFO">Clicking element 'com.example.myapplication:id/book'.</msg>
<status status="PASS" starttime="20220716 21:01:13.091" endtime="20220716 21:01:13.182"/>
</kw>
<status status="PASS" starttime="20220716 21:01:13.090" endtime="20220716 21:01:13.182"/>
</kw>
<kw name="Verify User in booking page" library="book">
<kw name="Wait Until Element Is Visible" library="AppiumLibrary">
<arg>${book_page}</arg>
<doc>Waits until element specified with `locator` is visible.</doc>
<status status="PASS" starttime="20220716 21:01:13.184" endtime="20220716 21:01:15.625"/>
</kw>
<kw name="Element Should Be Visible" library="AppiumLibrary">
<arg>${btn_book}</arg>
<doc>Verifies that element identified with locator is visible.</doc>
<status status="PASS" starttime="20220716 21:01:15.625" endtime="20220716 21:01:15.686"/>
</kw>
<status status="PASS" starttime="20220716 21:01:13.183" endtime="20220716 21:01:15.686"/>
</kw>
<kw name="User Select from City" library="book">
<kw name="Element Should Be Visible" library="AppiumLibrary">
<arg>${Tapfrom_city}</arg>
<doc>Verifies that element identified with locator is visible.</doc>
<status status="PASS" starttime="20220716 21:01:15.687" endtime="20220716 21:01:15.774"/>
</kw>
<status status="PASS" starttime="20220716 21:01:15.687" endtime="20220716 21:01:15.774"/>
</kw>
<kw name="User Select Destination City" library="book">
<kw name="Element Should Be Visible" library="AppiumLibrary">
<arg>${TapTo_city}</arg>
<doc>Verifies that element identified with locator is visible.</doc>
<status status="PASS" starttime="20220716 21:01:15.776" endtime="20220716 21:01:15.878"/>
</kw>
<status status="PASS" starttime="20220716 21:01:15.775" endtime="20220716 21:01:15.878"/>
</kw>
<kw name="User select Flight class" library="book">
<kw name="Element Should Be Visible" library="AppiumLibrary">
<arg>${Tapflight_class}</arg>
<doc>Verifies that element identified with locator is visible.</doc>
<status status="PASS" starttime="20220716 21:01:15.878" endtime="20220716 21:01:15.963"/>
</kw>
<status status="PASS" starttime="20220716 21:01:15.878" endtime="20220716 21:01:15.963"/>
</kw>
<kw name="User select Start Date" library="book">
<kw name="Click Element" library="AppiumLibrary">
<arg>${TapStart_date}</arg>
<doc>Click element identified by `locator`.</doc>
<msg timestamp="20220716 21:01:15.966" level="INFO">Clicking element 'com.example.myapplication:id/textStartDate'.</msg>
<status status="PASS" starttime="20220716 21:01:15.964" endtime="20220716 21:01:16.043"/>
</kw>
<kw name="Wait Until Element Is Visible" library="AppiumLibrary">
<arg>${btn_OK}</arg>
<doc>Waits until element specified with `locator` is visible.</doc>
<status status="PASS" starttime="20220716 21:01:16.043" endtime="20220716 21:01:17.417"/>
</kw>
<kw name="Click Element" library="AppiumLibrary">
<arg>${start_date}</arg>
<doc>Click element identified by `locator`.</doc>
<msg timestamp="20220716 21:01:17.420" level="INFO">Clicking element '//android.view.View[@content-desc="01 August 2019"]'.</msg>
<status status="PASS" starttime="20220716 21:01:17.417" endtime="20220716 21:01:18.342"/>
</kw>
<kw name="Click Element" library="AppiumLibrary">
<arg>${btn_OK}</arg>
<doc>Click element identified by `locator`.</doc>
<msg timestamp="20220716 21:01:18.344" level="INFO">Clicking element 'android:id/button1'.</msg>
<status status="PASS" starttime="20220716 21:01:18.342" endtime="20220716 21:01:18.540"/>
</kw>
<status status="PASS" starttime="20220716 21:01:15.963" endtime="20220716 21:01:18.540"/>
</kw>
<kw name="User Select End Date" library="book">
<kw name="Click Element" library="AppiumLibrary">
<arg>${TapEnd_date}</arg>
<doc>Click element identified by `locator`.</doc>
<msg timestamp="20220716 21:01:18.543" level="INFO">Clicking element 'com.example.myapplication:id/textEndDate'.</msg>
<status status="PASS" starttime="20220716 21:01:18.541" endtime="20220716 21:01:19.199"/>
</kw>
<kw name="Wait Until Element Is Visible" library="AppiumLibrary">
<arg>${btn_OK}</arg>
<doc>Waits until element specified with `locator` is visible.</doc>
<status status="PASS" starttime="20220716 21:01:19.199" endtime="20220716 21:01:19.941"/>
</kw>
<kw name="Click Element" library="AppiumLibrary">
<arg>${end_date}</arg>
<doc>Click element identified by `locator`.</doc>
<msg timestamp="20220716 21:01:19.944" level="INFO">Clicking element '//android.view.View[@content-desc="14 August 2019"]'.</msg>
<status status="PASS" starttime="20220716 21:01:19.942" endtime="20220716 21:01:20.862"/>
</kw>
<kw name="Click Element" library="AppiumLibrary">
<arg>${btn_OK}</arg>
<doc>Click element identified by `locator`.</doc>
<msg timestamp="20220716 21:01:20.866" level="INFO">Clicking element 'android:id/button1'.</msg>
<status status="PASS" starttime="20220716 21:01:20.862" endtime="20220716 21:01:21.140"/>
</kw>
<status status="PASS" starttime="20220716 21:01:18.540" endtime="20220716 21:01:21.140"/>
</kw>
<kw name="User tap Option Booking" library="book">
<kw name="Click Element" library="AppiumLibrary">
<arg>${opt_book}</arg>
<doc>Click element identified by `locator`.</doc>
<msg timestamp="20220716 21:01:21.143" level="INFO">Clicking element 'com.example.myapplication:id/radioButtonFlightHotel'.</msg>
<status status="PASS" starttime="20220716 21:01:21.141" endtime="20220716 21:01:21.849"/>
</kw>
<status status="PASS" starttime="20220716 21:01:21.140" endtime="20220716 21:01:21.849"/>
</kw>
<kw name="User tap chek box booking a day" library="book">
<kw name="Click Element" library="AppiumLibrary">
<arg>${chkBox_book}</arg>
<doc>Click element identified by `locator`.</doc>
<msg timestamp="20220716 21:01:21.853" level="INFO">Clicking element 'com.example.myapplication:id/checkBoxDay'.</msg>
<status status="PASS" starttime="20220716 21:01:21.851" endtime="20220716 21:01:22.464"/>
</kw>
<status status="PASS" starttime="20220716 21:01:21.850" endtime="20220716 21:01:22.464"/>
</kw>
<kw name="Tap Booking Button" library="book">
<kw name="Click Element" library="AppiumLibrary">
<arg>${btn_book}</arg>
<doc>Click element identified by `locator`.</doc>
<msg timestamp="20220716 21:01:22.467" level="INFO">Clicking element 'com.example.myapplication:id/book_flight'.</msg>
<status status="PASS" starttime="20220716 21:01:22.465" endtime="20220716 21:01:23.040"/>
</kw>
<status status="PASS" starttime="20220716 21:01:22.464" endtime="20220716 21:01:23.040"/>
</kw>
<kw name="User select Booking Price" library="book">
<kw name="Wait Until Element Is Visible" library="AppiumLibrary">
<arg>${book_contain}</arg>
<doc>Waits until element specified with `locator` is visible.</doc>
<status status="PASS" starttime="20220716 21:01:23.041" endtime="20220716 21:01:24.433"/>
</kw>
<kw name="Click Element" library="AppiumLibrary">
<arg>${book_price}</arg>
<doc>Click element identified by `locator`.</doc>
<msg timestamp="20220716 21:01:24.436" level="INFO">Clicking element 'com.example.myapplication:id/price1'.</msg>
<status status="PASS" starttime="20220716 21:01:24.433" endtime="20220716 21:01:24.499"/>
</kw>
<status status="PASS" starttime="20220716 21:01:23.041" endtime="20220716 21:01:24.499"/>
</kw>
<kw name="Tap Confirm Button" library="book">
<kw name="Click Element" library="AppiumLibrary">
<arg>${btn_confirm}</arg>
<doc>Click element identified by `locator`.</doc>
<msg timestamp="20220716 21:01:24.502" level="INFO">Clicking element 'com.example.myapplication:id/confirm_order'.</msg>
<status status="PASS" starttime="20220716 21:01:24.500" endtime="20220716 21:01:25.233"/>
</kw>
<status status="PASS" starttime="20220716 21:01:24.499" endtime="20220716 21:01:25.233"/>
</kw>
<kw name="Verify User was Booked" library="book">
<kw name="Wait Until Element Is Visible" library="AppiumLibrary">
<arg>${booked_page}</arg>
<doc>Waits until element specified with `locator` is visible.</doc>
<status status="PASS" starttime="20220716 21:01:25.234" endtime="20220716 21:01:26.294"/>
</kw>
<status status="PASS" starttime="20220716 21:01:25.233" endtime="20220716 21:01:26.294"/>
</kw>
<doc>Test to verify user should be able to complete booking</doc>
<status status="PASS" starttime="20220716 21:01:07.254" endtime="20220716 21:01:26.295"/>
</test>
<kw name="Close Application" library="AppiumLibrary" type="TEARDOWN">
<doc>Closes the current application and also close webdriver session.</doc>
<status status="PASS" starttime="20220716 21:01:26.297" endtime="20220716 21:01:26.880"/>
</kw>
<status status="PASS" starttime="20220716 21:00:51.101" endtime="20220716 21:01:26.880"/>
</suite>
<suite id="s1-s2" name="Homepage" source="D:\DOJOBOX\mobiletest\suites\homepage.robot">
<kw name="Open Flight Application" library="Base" type="SETUP">
<kw name="Open Application" library="AppiumLibrary">
<arg>${REMOTE_URL}</arg>
<arg>automationName=UiAutomator2</arg>
<arg>platformName=Android</arg>
<arg>platformVersion=8.1</arg>
<arg>deviceName=emulator-5554</arg>
<arg>appPackage=com.example.myapplication</arg>
<arg>appActivity=com.example.myapplication.MainActivity</arg>
<doc>Opens a new application to given Appium server.
Capabilities of appium server, Android and iOS,
Please check https://github.com/appium/appium/blob/master/docs/en/writing-running-appium/server-args.md
| *Option*            | *Man.* | *Description*     |
| remote_url          | Yes    | Appium server url |
| alias               | no     | alias             |</doc>
<status status="PASS" starttime="20220716 21:01:26.890" endtime="20220716 21:01:42.759"/>
</kw>
<status status="PASS" starttime="20220716 21:01:26.889" endtime="20220716 21:01:42.760"/>
</kw>
<test id="s1-s2-t1" name="Verify Flight Home Page" line="7">
<kw name="verify homepage appears" library="homePage">
<kw name="Element Should Be Visible" library="AppiumLibrary">
<arg>${toolbar}</arg>
<doc>Verifies that element identified with locator is visible.</doc>
<status status="PASS" starttime="20220716 21:01:42.765" endtime="20220716 21:01:43.211"/>
</kw>
<kw name="Element Should Be Visible" library="AppiumLibrary">
<arg>${logo_homepage}</arg>
<doc>Verifies that element identified with locator is visible.</doc>
<status status="PASS" starttime="20220716 21:01:43.211" endtime="20220716 21:01:43.306"/>
</kw>
<kw name="Element Should Be Visible" library="AppiumLibrary">
<arg>${mainimage_homepage}</arg>
<doc>Verifies that element identified with locator is visible.</doc>
<status status="PASS" starttime="20220716 21:01:43.306" endtime="20220716 21:01:43.422"/>
</kw>
<kw name="Element Should Be Visible" library="AppiumLibrary">
<arg>${body_title}</arg>
<doc>Verifies that element identified with locator is visible.</doc>
<status status="PASS" starttime="20220716 21:01:43.422" endtime="20220716 21:01:43.507"/>
</kw>
<status status="PASS" starttime="20220716 21:01:42.765" endtime="20220716 21:01:43.508"/>
</kw>
<status status="PASS" starttime="20220716 21:01:42.760" endtime="20220716 21:01:43.509"/>
</test>
<kw name="Close Application" library="AppiumLibrary" type="TEARDOWN">
<doc>Closes the current application and also close webdriver session.</doc>
<status status="PASS" starttime="20220716 21:01:43.510" endtime="20220716 21:01:44.100"/>
</kw>
<status status="PASS" starttime="20220716 21:01:26.881" endtime="20220716 21:01:44.100"/>
</suite>
<suite id="s1-s3" name="Login" source="D:\DOJOBOX\mobiletest\suites\login.robot">
<kw name="Open Flight Application" library="Base" type="SETUP">
<kw name="Open Application" library="AppiumLibrary">
<arg>${REMOTE_URL}</arg>
<arg>automationName=UiAutomator2</arg>
<arg>platformName=Android</arg>
<arg>platformVersion=8.1</arg>
<arg>deviceName=emulator-5554</arg>
<arg>appPackage=com.example.myapplication</arg>
<arg>appActivity=com.example.myapplication.MainActivity</arg>
<doc>Opens a new application to given Appium server.
Capabilities of appium server, Android and iOS,
Please check https://github.com/appium/appium/blob/master/docs/en/writing-running-appium/server-args.md
| *Option*            | *Man.* | *Description*     |
| remote_url          | Yes    | Appium server url |
| alias               | no     | alias             |</doc>
<status status="PASS" starttime="20220716 21:01:44.118" endtime="20220716 21:02:00.920"/>
</kw>
<status status="PASS" starttime="20220716 21:01:44.117" endtime="20220716 21:02:00.920"/>
</kw>
<test id="s1-s3-t1" name="User should able login with valid data" line="9">
<kw name="verify homepage appears" library="homePage">
<kw name="Element Should Be Visible" library="AppiumLibrary">
<arg>${toolbar}</arg>
<doc>Verifies that element identified with locator is visible.</doc>
<status status="PASS" starttime="20220716 21:02:00.923" endtime="20220716 21:02:01.536"/>
</kw>
<kw name="Element Should Be Visible" library="AppiumLibrary">
<arg>${logo_homepage}</arg>
<doc>Verifies that element identified with locator is visible.</doc>
<status status="PASS" starttime="20220716 21:02:01.536" endtime="20220716 21:02:01.644"/>
</kw>
<kw name="Element Should Be Visible" library="AppiumLibrary">
<arg>${mainimage_homepage}</arg>
<doc>Verifies that element identified with locator is visible.</doc>
<status status="PASS" starttime="20220716 21:02:01.644" endtime="20220716 21:02:01.732"/>
</kw>
<kw name="Element Should Be Visible" library="AppiumLibrary">
<arg>${body_title}</arg>
<doc>Verifies that element identified with locator is visible.</doc>
<status status="PASS" starttime="20220716 21:02:01.733" endtime="20220716 21:02:01.808"/>
</kw>
<status status="PASS" starttime="20220716 21:02:00.923" endtime="20220716 21:02:01.808"/>
</kw>
<kw name="Tap Sign in button homepage" library="homePage">
<kw name="Click Element" library="AppiumLibrary">
<arg>${button_login}</arg>
<doc>Click element identified by `locator`.</doc>
<msg timestamp="20220716 21:02:01.811" level="INFO">Clicking element 'com.example.myapplication:id/login'.</msg>
<status status="PASS" starttime="20220716 21:02:01.810" endtime="20220716 21:02:01.970"/>
</kw>
<status status="PASS" starttime="20220716 21:02:01.809" endtime="20220716 21:02:01.970"/>
</kw>
<kw name="Verify Login page" library="Login">
<kw name="Wait Until Element Is Visible" library="AppiumLibrary">
<arg>${userName_input}</arg>
<doc>Waits until element specified with `locator` is visible.</doc>
<status status="PASS" starttime="20220716 21:02:01.976" endtime="20220716 21:02:04.291"/>
</kw>
<kw name="Element Should Be Visible" library="AppiumLibrary">
<arg>${userName_input}</arg>
<doc>Verifies that element identified with locator is visible.</doc>
<status status="PASS" starttime="20220716 21:02:04.291" endtime="20220716 21:02:04.355"/>
</kw>
<kw name="Element Should Be Visible" library="AppiumLibrary">
<arg>${signButton_login}</arg>
<doc>Verifies that element identified with locator is visible.</doc>
<status status="PASS" starttime="20220716 21:02:04.356" endtime="20220716 21:02:04.419"/>
</kw>
<status status="PASS" starttime="20220716 21:02:01.975" endtime="20220716 21:02:04.419"/>
</kw>
<kw name="Input Username" library="Login">
<arg>username=support@ngendigital.com</arg>
<kw name="Input Text" library="AppiumLibrary">
<arg>${userName_input}</arg>
<arg>${username}</arg>
<doc>Types the given `text` into text field identified by `locator`.</doc>
<msg timestamp="20220716 21:02:04.422" level="INFO">Typing text 'support@ngendigital.com' into text field 'com.example.myapplication:id/username'</msg>
<status status="PASS" starttime="20220716 21:02:04.420" endtime="20220716 21:02:04.541"/>
</kw>
<status status="PASS" starttime="20220716 21:02:04.420" endtime="20220716 21:02:04.542"/>
</kw>
<kw name="Input Password" library="Login">
<arg>pass=abc123</arg>
<kw name="Input Text" library="AppiumLibrary">
<arg>${Password_input}</arg>
<arg>${pass}</arg>
<doc>Types the given `text` into text field identified by `locator`.</doc>
<msg timestamp="20220716 21:02:04.544" level="INFO">Typing text 'abc123' into text field 'com.example.myapplication:id/password'</msg>
<status status="PASS" starttime="20220716 21:02:04.543" endtime="20220716 21:02:05.119"/>
</kw>
<status status="PASS" starttime="20220716 21:02:04.542" endtime="20220716 21:02:05.119"/>
</kw>
<kw name="Tap Sign in Button login page" library="Login">
<kw name="Click Element" library="AppiumLibrary">
<arg>${signButton_login}</arg>
<doc>Click element identified by `locator`.</doc>
<msg timestamp="20220716 21:02:05.123" level="INFO">Clicking element 'com.example.myapplication:id/signIn'.</msg>
<status status="PASS" starttime="20220716 21:02:05.120" endtime="20220716 21:02:05.670"/>
</kw>
<status status="PASS" starttime="20220716 21:02:05.120" endtime="20220716 21:02:05.670"/>
</kw>
<kw name="Verify User in homepage" library="Login">
<kw name="Wait Until Element Is Visible" library="AppiumLibrary">
<arg>${user_success}</arg>
<doc>Waits until element specified with `locator` is visible.</doc>
<status status="PASS" starttime="20220716 21:02:05.673" endtime="20220716 21:02:07.217"/>
</kw>
<status status="PASS" starttime="20220716 21:02:05.672" endtime="20220716 21:02:07.217"/>
</kw>
<doc>Test to verify user should be able login with valid data</doc>
<status status="PASS" starttime="20220716 21:02:00.920" endtime="20220716 21:02:07.217"/>
</test>
<kw name="Close Application" library="AppiumLibrary" type="TEARDOWN">
<doc>Closes the current application and also close webdriver session.</doc>
<status status="PASS" starttime="20220716 21:02:07.218" endtime="20220716 21:02:07.811"/>
</kw>
<status status="PASS" starttime="20220716 21:01:44.102" endtime="20220716 21:02:07.811"/>
</suite>
<suite id="s1-s4" name="Search" source="D:\DOJOBOX\mobiletest\suites\search.robot">
<kw name="Open Flight Application" library="Base" type="SETUP">
<kw name="Open Application" library="AppiumLibrary">
<arg>${REMOTE_URL}</arg>
<arg>automationName=UiAutomator2</arg>
<arg>platformName=Android</arg>
<arg>platformVersion=8.1</arg>
<arg>deviceName=emulator-5554</arg>
<arg>appPackage=com.example.myapplication</arg>
<arg>appActivity=com.example.myapplication.MainActivity</arg>
<doc>Opens a new application to given Appium server.
Capabilities of appium server, Android and iOS,
Please check https://github.com/appium/appium/blob/master/docs/en/writing-running-appium/server-args.md
| *Option*            | *Man.* | *Description*     |
| remote_url          | Yes    | Appium server url |
| alias               | no     | alias             |</doc>
<status status="PASS" starttime="20220716 21:02:07.829" endtime="20220716 21:02:23.818"/>
</kw>
<status status="PASS" starttime="20220716 21:02:07.829" endtime="20220716 21:02:23.818"/>
</kw>
<test id="s1-s4-t1" name="Input Flight Number" line="9">
<kw name="verify homepage appears" library="homePage">
<kw name="Element Should Be Visible" library="AppiumLibrary">
<arg>${toolbar}</arg>
<doc>Verifies that element identified with locator is visible.</doc>
<status status="PASS" starttime="20220716 21:02:23.820" endtime="20220716 21:02:24.284"/>
</kw>
<kw name="Element Should Be Visible" library="AppiumLibrary">
<arg>${logo_homepage}</arg>
<doc>Verifies that element identified with locator is visible.</doc>
<status status="PASS" starttime="20220716 21:02:24.284" endtime="20220716 21:02:24.384"/>
</kw>
<kw name="Element Should Be Visible" library="AppiumLibrary">
<arg>${mainimage_homepage}</arg>
<doc>Verifies that element identified with locator is visible.</doc>
<status status="PASS" starttime="20220716 21:02:24.384" endtime="20220716 21:02:24.464"/>
</kw>
<kw name="Element Should Be Visible" library="AppiumLibrary">
<arg>${body_title}</arg>
<doc>Verifies that element identified with locator is visible.</doc>
<status status="PASS" starttime="20220716 21:02:24.464" endtime="20220716 21:02:24.560"/>
</kw>
<status status="PASS" starttime="20220716 21:02:23.819" endtime="20220716 21:02:24.560"/>
</kw>
<kw name="Tap Sign in button homepage" library="homePage">
<kw name="Click Element" library="AppiumLibrary">
<arg>${button_login}</arg>
<doc>Click element identified by `locator`.</doc>
<msg timestamp="20220716 21:02:24.563" level="INFO">Clicking element 'com.example.myapplication:id/login'.</msg>
<status status="PASS" starttime="20220716 21:02:24.561" endtime="20220716 21:02:24.731"/>
</kw>
<status status="PASS" starttime="20220716 21:02:24.561" endtime="20220716 21:02:24.732"/>
</kw>
<kw name="Verify Login page" library="Login">
<kw name="Wait Until Element Is Visible" library="AppiumLibrary">
<arg>${userName_input}</arg>
<doc>Waits until element specified with `locator` is visible.</doc>
<status status="PASS" starttime="20220716 21:02:24.740" endtime="20220716 21:02:27.041"/>
</kw>
<kw name="Element Should Be Visible" library="AppiumLibrary">
<arg>${userName_input}</arg>
<doc>Verifies that element identified with locator is visible.</doc>
<status status="PASS" starttime="20220716 21:02:27.042" endtime="20220716 21:02:27.103"/>
</kw>
<kw name="Element Should Be Visible" library="AppiumLibrary">
<arg>${signButton_login}</arg>
<doc>Verifies that element identified with locator is visible.</doc>
<status status="PASS" starttime="20220716 21:02:27.104" endtime="20220716 21:02:27.165"/>
</kw>
<status status="PASS" starttime="20220716 21:02:24.739" endtime="20220716 21:02:27.165"/>
</kw>
<kw name="Input Username" library="Login">
<arg>username=support@ngendigital.com</arg>
<kw name="Input Text" library="AppiumLibrary">
<arg>${userName_input}</arg>
<arg>${username}</arg>
<doc>Types the given `text` into text field identified by `locator`.</doc>
<msg timestamp="20220716 21:02:27.168" level="INFO">Typing text 'support@ngendigital.com' into text field 'com.example.myapplication:id/username'</msg>
<status status="PASS" starttime="20220716 21:02:27.166" endtime="20220716 21:02:27.280"/>
</kw>
<status status="PASS" starttime="20220716 21:02:27.166" endtime="20220716 21:02:27.280"/>
</kw>
<kw name="Input Password" library="Login">
<arg>pass=abc123</arg>
<kw name="Input Text" library="AppiumLibrary">
<arg>${Password_input}</arg>
<arg>${pass}</arg>
<doc>Types the given `text` into text field identified by `locator`.</doc>
<msg timestamp="20220716 21:02:27.283" level="INFO">Typing text 'abc123' into text field 'com.example.myapplication:id/password'</msg>
<status status="PASS" starttime="20220716 21:02:27.281" endtime="20220716 21:02:27.852"/>
</kw>
<status status="PASS" starttime="20220716 21:02:27.281" endtime="20220716 21:02:27.852"/>
</kw>
<kw name="Tap Sign in Button login page" library="Login">
<kw name="Click Element" library="AppiumLibrary">
<arg>${signButton_login}</arg>
<doc>Click element identified by `locator`.</doc>
<msg timestamp="20220716 21:02:27.855" level="INFO">Clicking element 'com.example.myapplication:id/signIn'.</msg>
<status status="PASS" starttime="20220716 21:02:27.853" endtime="20220716 21:02:28.397"/>
</kw>
<status status="PASS" starttime="20220716 21:02:27.853" endtime="20220716 21:02:28.397"/>
</kw>
<kw name="Verify User in homepage" library="Login">
<kw name="Wait Until Element Is Visible" library="AppiumLibrary">
<arg>${user_success}</arg>
<doc>Waits until element specified with `locator` is visible.</doc>
<status status="PASS" starttime="20220716 21:02:28.398" endtime="20220716 21:02:29.823"/>
</kw>
<status status="PASS" starttime="20220716 21:02:28.398" endtime="20220716 21:02:29.823"/>
</kw>
<kw name="User Tap Search link" library="search">
<kw name="Click Element" library="AppiumLibrary">
<arg>${tapsearch_link}</arg>
<doc>Click element identified by `locator`.</doc>
<msg timestamp="20220716 21:02:29.828" level="INFO">Clicking element 'com.example.myapplication:id/search_flight'.</msg>
<status status="PASS" starttime="20220716 21:02:29.826" endtime="20220716 21:02:29.918"/>
</kw>
<status status="PASS" starttime="20220716 21:02:29.825" endtime="20220716 21:02:29.918"/>
</kw>
<kw name="Enter Flight Number" library="search">
<arg>flight=DA935</arg>
<kw name="Wait Until Element Is Visible" library="AppiumLibrary">
<arg>${search_contain}</arg>
<doc>Waits until element specified with `locator` is visible.</doc>
<status status="PASS" starttime="20220716 21:02:29.922" endtime="20220716 21:02:32.332"/>
</kw>
<kw name="Input Text" library="AppiumLibrary">
<arg>${txt_flightNo}</arg>
<arg>${flight}</arg>
<doc>Types the given `text` into text field identified by `locator`.</doc>
<msg timestamp="20220716 21:02:32.335" level="INFO">Typing text 'DA935' into text field 'com.example.myapplication:id/flight_number'</msg>
<status status="PASS" starttime="20220716 21:02:32.332" endtime="20220716 21:02:32.430"/>
</kw>
<status status="PASS" starttime="20220716 21:02:29.922" endtime="20220716 21:02:32.430"/>
</kw>
<kw name="Click Button Search" library="search">
<kw name="Click Element" library="AppiumLibrary">
<arg>${btn_search}</arg>
<doc>Click element identified by `locator`.</doc>
<msg timestamp="20220716 21:02:32.434" level="INFO">Clicking element 'com.example.myapplication:id/searchFlight'.</msg>
<status status="PASS" starttime="20220716 21:02:32.431" endtime="20220716 21:02:33.056"/>
</kw>
<status status="PASS" starttime="20220716 21:02:32.431" endtime="20220716 21:02:33.056"/>
</kw>
<kw name="Verify User in Search Page" library="search">
<kw name="Wait Until Element Is Visible" library="AppiumLibrary">
<arg>${get_flightdetails}</arg>
<doc>Waits until element specified with `locator` is visible.</doc>
<status status="PASS" starttime="20220716 21:02:33.057" endtime="20220716 21:02:34.446"/>
</kw>
<status status="PASS" starttime="20220716 21:02:33.056" endtime="20220716 21:02:34.446"/>
</kw>
<status status="PASS" starttime="20220716 21:02:23.818" endtime="20220716 21:02:34.447"/>
</test>
<kw name="Close Application" library="AppiumLibrary" type="TEARDOWN">
<doc>Closes the current application and also close webdriver session.</doc>
<status status="PASS" starttime="20220716 21:02:34.448" endtime="20220716 21:02:35.028"/>
</kw>
<status status="PASS" starttime="20220716 21:02:07.813" endtime="20220716 21:02:35.028"/>
</suite>
<status status="PASS" starttime="20220716 21:00:51.074" endtime="20220716 21:02:35.031"/>
</suite>
<statistics>
<total>
<stat pass="4" fail="0" skip="0">All Tests</stat>
</total>
<tag>
</tag>
<suite>
<stat pass="4" fail="0" skip="0" id="s1" name="Suites">Suites</stat>
<stat pass="1" fail="0" skip="0" id="s1-s1" name="Book">Suites.Book</stat>
<stat pass="1" fail="0" skip="0" id="s1-s2" name="Homepage">Suites.Homepage</stat>
<stat pass="1" fail="0" skip="0" id="s1-s3" name="Login">Suites.Login</stat>
<stat pass="1" fail="0" skip="0" id="s1-s4" name="Search">Suites.Search</stat>
</suite>
</statistics>
<errors>
</errors>
</robot>
