<?xml version="1.0" encoding="UTF-8"?>
<robot generator="Robot 5.0.1 (Python 3.10.5 on win32)" generated="20220716 21:00:10.177" rpa="false" schemaversion="3">
<suite id="s1" name="Login" source="D:\DOJOBOX\mobiletest\suites\login.robot">
<kw name="Open Flight Application" library="Base" type="SETUP">
<kw name="Open Application" library="AppiumLibrary">
<arg>${REMOTE_URL}</arg>
<arg>automationName=UiAutomator2</arg>
<arg>platformName=Android</arg>
<arg>platformVersion=8.1</arg>
<arg>deviceName=emulator-5554</arg>
<arg>appPackage=com.example.myapplication</arg>
<arg>appActivity=com.example.myapplication.MainActivity</arg>
<doc>Opens a new application to given Appium server.
Capabilities of appium server, Android and iOS,
Please check https://github.com/appium/appium/blob/master/docs/en/writing-running-appium/server-args.md
| *Option*            | *Man.* | *Description*     |
| remote_url          | Yes    | Appium server url |
| alias               | no     | alias             |</doc>
<status status="PASS" starttime="20220716 21:00:10.424" endtime="20220716 21:00:26.257"/>
</kw>
<status status="PASS" starttime="20220716 21:00:10.424" endtime="20220716 21:00:26.257"/>
</kw>
<test id="s1-t1" name="User should able login with valid data" line="9">
<kw name="verify homepage appears" library="homePage">
<kw name="Element Should Be Visible" library="AppiumLibrary">
<arg>${toolbar}</arg>
<doc>Verifies that element identified with locator is visible.</doc>
<status status="PASS" starttime="20220716 21:00:26.260" endtime="20220716 21:00:26.687"/>
</kw>
<kw name="Element Should Be Visible" library="AppiumLibrary">
<arg>${logo_homepage}</arg>
<doc>Verifies that element identified with locator is visible.</doc>
<status status="PASS" starttime="20220716 21:00:26.688" endtime="20220716 21:00:26.825"/>
</kw>
<kw name="Element Should Be Visible" library="AppiumLibrary">
<arg>${mainimage_homepage}</arg>
<doc>Verifies that element identified with locator is visible.</doc>
<status status="PASS" starttime="20220716 21:00:26.825" endtime="20220716 21:00:26.929"/>
</kw>
<kw name="Element Should Be Visible" library="AppiumLibrary">
<arg>${body_title}</arg>
<doc>Verifies that element identified with locator is visible.</doc>
<status status="PASS" starttime="20220716 21:00:26.929" endtime="20220716 21:00:27.014"/>
</kw>
<status status="PASS" starttime="20220716 21:00:26.260" endtime="20220716 21:00:27.015"/>
</kw>
<kw name="Tap Sign in button homepage" library="homePage">
<kw name="Click Element" library="AppiumLibrary">
<arg>${button_login}</arg>
<doc>Click element identified by `locator`.</doc>
<msg timestamp="20220716 21:00:27.018" level="INFO">Clicking element 'com.example.myapplication:id/login'.</msg>
<status status="PASS" starttime="20220716 21:00:27.016" endtime="20220716 21:00:27.216"/>
</kw>
<status status="PASS" starttime="20220716 21:00:27.015" endtime="20220716 21:00:27.217"/>
</kw>
<kw name="Verify Login page" library="Login">
<kw name="Wait Until Element Is Visible" library="AppiumLibrary">
<arg>${userName_input}</arg>
<doc>Waits until element specified with `locator` is visible.</doc>
<status status="PASS" starttime="20220716 21:00:27.218" endtime="20220716 21:00:29.493"/>
</kw>
<kw name="Element Should Be Visible" library="AppiumLibrary">
<arg>${userName_input}</arg>
<doc>Verifies that element identified with locator is visible.</doc>
<status status="PASS" starttime="20220716 21:00:29.493" endtime="20220716 21:00:29.556"/>
</kw>
<kw name="Element Should Be Visible" library="AppiumLibrary">
<arg>${signButton_login}</arg>
<doc>Verifies that element identified with locator is visible.</doc>
<status status="PASS" starttime="20220716 21:00:29.556" endtime="20220716 21:00:29.642"/>
</kw>
<status status="PASS" starttime="20220716 21:00:27.218" endtime="20220716 21:00:29.643"/>
</kw>
<kw name="Input Username" library="Login">
<arg>username=support@ngendigital.com</arg>
<kw name="Input Text" library="AppiumLibrary">
<arg>${userName_input}</arg>
<arg>${username}</arg>
<doc>Types the given `text` into text field identified by `locator`.</doc>
<msg timestamp="20220716 21:00:29.646" level="INFO">Typing text 'support@ngendigital.com' into text field 'com.example.myapplication:id/username'</msg>
<status status="PASS" starttime="20220716 21:00:29.644" endtime="20220716 21:00:29.765"/>
</kw>
<status status="PASS" starttime="20220716 21:00:29.643" endtime="20220716 21:00:29.766"/>
</kw>
<kw name="Input Password" library="Login">
<arg>pass=abc123</arg>
<kw name="Input Text" library="AppiumLibrary">
<arg>${Password_input}</arg>
<arg>${pass}</arg>
<doc>Types the given `text` into text field identified by `locator`.</doc>
<msg timestamp="20220716 21:00:29.768" level="INFO">Typing text 'abc123' into text field 'com.example.myapplication:id/password'</msg>
<status status="PASS" starttime="20220716 21:00:29.767" endtime="20220716 21:00:30.342"/>
</kw>
<status status="PASS" starttime="20220716 21:00:29.766" endtime="20220716 21:00:30.342"/>
</kw>
<kw name="Tap Sign in Button login page" library="Login">
<kw name="Click Element" library="AppiumLibrary">
<arg>${signButton_login}</arg>
<doc>Click element identified by `locator`.</doc>
<msg timestamp="20220716 21:00:30.345" level="INFO">Clicking element 'com.example.myapplication:id/signIn'.</msg>
<status status="PASS" starttime="20220716 21:00:30.343" endtime="20220716 21:00:30.893"/>
</kw>
<status status="PASS" starttime="20220716 21:00:30.343" endtime="20220716 21:00:30.893"/>
</kw>
<kw name="Verify User in homepage" library="Login">
<kw name="Wait Until Element Is Visible" library="AppiumLibrary">
<arg>${user_success}</arg>
<doc>Waits until element specified with `locator` is visible.</doc>
<status status="PASS" starttime="20220716 21:00:30.894" endtime="20220716 21:00:32.325"/>
</kw>
<status status="PASS" starttime="20220716 21:00:30.893" endtime="20220716 21:00:32.325"/>
</kw>
<doc>Test to verify user should be able login with valid data</doc>
<status status="PASS" starttime="20220716 21:00:26.257" endtime="20220716 21:00:32.325"/>
</test>
<kw name="Close Application" library="AppiumLibrary" type="TEARDOWN">
<doc>Closes the current application and also close webdriver session.</doc>
<status status="PASS" starttime="20220716 21:00:32.327" endtime="20220716 21:00:32.880"/>
</kw>
<status status="PASS" starttime="20220716 21:00:10.178" endtime="20220716 21:00:32.880"/>
</suite>
<statistics>
<total>
<stat pass="1" fail="0" skip="0">All Tests</stat>
</total>
<tag>
</tag>
<suite>
<stat pass="1" fail="0" skip="0" id="s1" name="Login">Login</stat>
</suite>
</statistics>
<errors>
</errors>
</robot>
